Analysis & Synthesis report for mgs
Mon Jun 14 17:24:02 2021
Quartus II Version 9.1 Build 350 03/24/2010 Service Pack 2 SJ Web Edition


---------------------
; Table of Contents ;
---------------------
  1. Legal Notice
  2. Analysis & Synthesis Summary
  3. Analysis & Synthesis Settings
  4. Parallel Compilation
  5. Analysis & Synthesis Source Files Read
  6. Analysis & Synthesis Resource Usage Summary
  7. Analysis & Synthesis Resource Utilization by Entity
  8. User-Specified and Inferred Latches
  9. General Register Statistics
 10. Multiplexer Restructuring Statistics (Restructuring Performed)
 11. Parameter Settings for Inferred Entity Instance: lpm_divide:Mod2
 12. Parameter Settings for Inferred Entity Instance: lpm_divide:Mod1
 13. Parameter Settings for Inferred Entity Instance: lpm_divide:Mod0
 14. Parameter Settings for Inferred Entity Instance: lpm_divide:Mod3
 15. Analysis & Synthesis Messages
 16. Analysis & Synthesis Suppressed Messages



----------------
; Legal Notice ;
----------------
Copyright (C) 1991-2010 Altera Corporation
Your use of Altera Corporation's design tools, logic functions 
and other software and tools, and its AMPP partner logic 
functions, and any output files from any of the foregoing 
(including device programming or simulation files), and any 
associated documentation or information are expressly subject 
to the terms and conditions of the Altera Program License 
Subscription Agreement, Altera MegaCore Function License 
Agreement, or other applicable license agreement, including, 
without limitation, that your use is for the sole purpose of 
programming logic devices manufactured by Altera and sold by 
Altera or its authorized distributors.  Please refer to the 
applicable agreement for further details.



+-----------------------------------------------------------------------------------+
; Analysis & Synthesis Summary                                                      ;
+------------------------------------+----------------------------------------------+
; Analysis & Synthesis Status        ; Successful - Mon Jun 14 17:24:02 2021        ;
; Quartus II Version                 ; 9.1 Build 350 03/24/2010 SP 2 SJ Web Edition ;
; Revision Name                      ; mgs                                          ;
; Top-level Entity Name              ; mgs                                          ;
; Family                             ; Cyclone III                                  ;
; Total logic elements               ; 266                                          ;
;     Total combinational functions  ; 266                                          ;
;     Dedicated logic registers      ; 0                                            ;
; Total registers                    ; 0                                            ;
; Total pins                         ; 47                                           ;
; Total virtual pins                 ; 0                                            ;
; Total memory bits                  ; 0                                            ;
; Embedded Multiplier 9-bit elements ; 0                                            ;
; Total PLLs                         ; 0                                            ;
+------------------------------------+----------------------------------------------+


+----------------------------------------------------------------------------------------------------------------------+
; Analysis & Synthesis Settings                                                                                        ;
+----------------------------------------------------------------------------+--------------------+--------------------+
; Option                                                                     ; Setting            ; Default Value      ;
+----------------------------------------------------------------------------+--------------------+--------------------+
; Device                                                                     ; EP3C16F484C6       ;                    ;
; Top-level entity name                                                      ; mgs                ; mgs                ;
; Family name                                                                ; Cyclone III        ; Stratix II         ;
; Type of Retiming Performed During Resynthesis                              ; Full               ;                    ;
; Resynthesis Optimization Effort                                            ; Normal             ;                    ;
; Physical Synthesis Level for Resynthesis                                   ; Normal             ;                    ;
; Use Generated Physical Constraints File                                    ; On                 ;                    ;
; Use smart compilation                                                      ; Off                ; Off                ;
; Enable parallel Assembler and TimeQuest Timing Analyzer during compilation ; On                 ; On                 ;
; Enable compact report table                                                ; Off                ; Off                ;
; Restructure Multiplexers                                                   ; Auto               ; Auto               ;
; Create Debugging Nodes for IP Cores                                        ; Off                ; Off                ;
; Preserve fewer node names                                                  ; On                 ; On                 ;
; Disable OpenCore Plus hardware evaluation                                  ; Off                ; Off                ;
; Verilog Version                                                            ; Verilog_2001       ; Verilog_2001       ;
; VHDL Version                                                               ; VHDL_1993          ; VHDL_1993          ;
; State Machine Processing                                                   ; Auto               ; Auto               ;
; Safe State Machine                                                         ; Off                ; Off                ;
; Extract Verilog State Machines                                             ; On                 ; On                 ;
; Extract VHDL State Machines                                                ; On                 ; On                 ;
; Ignore Verilog initial constructs                                          ; Off                ; Off                ;
; Iteration limit for constant Verilog loops                                 ; 5000               ; 5000               ;
; Iteration limit for non-constant Verilog loops                             ; 250                ; 250                ;
; Add Pass-Through Logic to Inferred RAMs                                    ; On                 ; On                 ;
; Parallel Synthesis                                                         ; On                 ; On                 ;
; DSP Block Balancing                                                        ; Auto               ; Auto               ;
; NOT Gate Push-Back                                                         ; On                 ; On                 ;
; Power-Up Don't Care                                                        ; On                 ; On                 ;
; Remove Redundant Logic Cells                                               ; Off                ; Off                ;
; Remove Duplicate Registers                                                 ; On                 ; On                 ;
; Ignore CARRY Buffers                                                       ; Off                ; Off                ;
; Ignore CASCADE Buffers                                                     ; Off                ; Off                ;
; Ignore GLOBAL Buffers                                                      ; Off                ; Off                ;
; Ignore ROW GLOBAL Buffers                                                  ; Off                ; Off                ;
; Ignore LCELL Buffers                                                       ; Off                ; Off                ;
; Ignore SOFT Buffers                                                        ; On                 ; On                 ;
; Limit AHDL Integers to 32 Bits                                             ; Off                ; Off                ;
; Optimization Technique                                                     ; Balanced           ; Balanced           ;
; Carry Chain Length                                                         ; 70                 ; 70                 ;
; Auto Carry Chains                                                          ; On                 ; On                 ;
; Auto Open-Drain Pins                                                       ; On                 ; On                 ;
; Perform WYSIWYG Primitive Resynthesis                                      ; Off                ; Off                ;
; Auto ROM Replacement                                                       ; On                 ; On                 ;
; Auto RAM Replacement                                                       ; On                 ; On                 ;
; Auto DSP Block Replacement                                                 ; On                 ; On                 ;
; Auto Shift Register Replacement                                            ; Auto               ; Auto               ;
; Auto Clock Enable Replacement                                              ; On                 ; On                 ;
; Strict RAM Replacement                                                     ; Off                ; Off                ;
; Allow Synchronous Control Signals                                          ; On                 ; On                 ;
; Force Use of Synchronous Clear Signals                                     ; Off                ; Off                ;
; Auto RAM Block Balancing                                                   ; On                 ; On                 ;
; Auto RAM to Logic Cell Conversion                                          ; Off                ; Off                ;
; Auto Resource Sharing                                                      ; Off                ; Off                ;
; Allow Any RAM Size For Recognition                                         ; Off                ; Off                ;
; Allow Any ROM Size For Recognition                                         ; Off                ; Off                ;
; Allow Any Shift Register Size For Recognition                              ; Off                ; Off                ;
; Use LogicLock Constraints during Resource Balancing                        ; On                 ; On                 ;
; Ignore translate_off and synthesis_off directives                          ; Off                ; Off                ;
; Timing-Driven Synthesis                                                    ; On                 ; On                 ;
; Show Parameter Settings Tables in Synthesis Report                         ; On                 ; On                 ;
; Ignore Maximum Fan-Out Assignments                                         ; Off                ; Off                ;
; Synchronization Register Chain Length                                      ; 2                  ; 2                  ;
; PowerPlay Power Optimization                                               ; Normal compilation ; Normal compilation ;
; HDL message level                                                          ; Level2             ; Level2             ;
; Suppress Register Optimization Related Messages                            ; Off                ; Off                ;
; Number of Removed Registers Reported in Synthesis Report                   ; 5000               ; 5000               ;
; Number of Inverted Registers Reported in Synthesis Report                  ; 100                ; 100                ;
; Clock MUX Protection                                                       ; On                 ; On                 ;
; Auto Gated Clock Conversion                                                ; Off                ; Off                ;
; Block Design Naming                                                        ; Auto               ; Auto               ;
; SDC constraint protection                                                  ; Off                ; Off                ;
; Synthesis Effort                                                           ; Auto               ; Auto               ;
; Shift Register Replacement - Allow Asynchronous Clear Signal               ; On                 ; On                 ;
; Analysis & Synthesis Message Level                                         ; Medium             ; Medium             ;
; Disable Register Merging Across Hierarchies                                ; Auto               ; Auto               ;
; Resource Aware Inference For Block RAM                                     ; On                 ; On                 ;
+----------------------------------------------------------------------------+--------------------+--------------------+


Parallel compilation was disabled, but you have multiple processors available. Enable parallel compilation to reduce compilation time.
+-------------------------------------+
; Parallel Compilation                ;
+----------------------------+--------+
; Processors                 ; Number ;
+----------------------------+--------+
; Number detected on machine ; 6      ;
; Maximum allowed            ; 1      ;
+----------------------------+--------+


+---------------------------------------------------------------------------------------------------------------------------------------------------------+
; Analysis & Synthesis Source Files Read                                                                                                                  ;
+----------------------------------+-----------------+------------------------------+---------------------------------------------------------------------+
; File Name with User-Entered Path ; Used in Netlist ; File Type                    ; File Name with Absolute Path                                        ;
+----------------------------------+-----------------+------------------------------+---------------------------------------------------------------------+
; mgs.v                            ; yes             ; User Verilog HDL File        ; Z:/project/loic/mgs/mgs.v                                           ;
; lpm_divide.tdf                   ; yes             ; Megafunction                 ; z:/file/altera/91sp2/quartus/libraries/megafunctions/lpm_divide.tdf ;
; db/lpm_divide_a8m.tdf            ; yes             ; Auto-Generated Megafunction  ; Z:/project/loic/mgs/db/lpm_divide_a8m.tdf                           ;
; db/sign_div_unsign_8kh.tdf       ; yes             ; Auto-Generated Megafunction  ; Z:/project/loic/mgs/db/sign_div_unsign_8kh.tdf                      ;
; db/alt_u_div_r2f.tdf             ; yes             ; Auto-Generated Megafunction  ; Z:/project/loic/mgs/db/alt_u_div_r2f.tdf                            ;
; db/add_sub_unc.tdf               ; yes             ; Auto-Generated Megafunction  ; Z:/project/loic/mgs/db/add_sub_unc.tdf                              ;
; db/add_sub_vnc.tdf               ; yes             ; Auto-Generated Megafunction  ; Z:/project/loic/mgs/db/add_sub_vnc.tdf                              ;
; db/lpm_divide_68m.tdf            ; yes             ; Auto-Generated Megafunction  ; Z:/project/loic/mgs/db/lpm_divide_68m.tdf                           ;
; db/sign_div_unsign_4kh.tdf       ; yes             ; Auto-Generated Megafunction  ; Z:/project/loic/mgs/db/sign_div_unsign_4kh.tdf                      ;
; db/alt_u_div_j2f.tdf             ; yes             ; Auto-Generated Megafunction  ; Z:/project/loic/mgs/db/alt_u_div_j2f.tdf                            ;
+----------------------------------+-----------------+------------------------------+---------------------------------------------------------------------+


+-----------------------------------------------------+
; Analysis & Synthesis Resource Usage Summary         ;
+---------------------------------------------+-------+
; Resource                                    ; Usage ;
+---------------------------------------------+-------+
; Estimated Total logic elements              ; 266   ;
;                                             ;       ;
; Total combinational functions               ; 266   ;
; Logic element usage by number of LUT inputs ;       ;
;     -- 4 input functions                    ; 132   ;
;     -- 3 input functions                    ; 81    ;
;     -- <=2 input functions                  ; 53    ;
;                                             ;       ;
; Logic elements by mode                      ;       ;
;     -- normal mode                          ; 242   ;
;     -- arithmetic mode                      ; 24    ;
;                                             ;       ;
; Total registers                             ; 0     ;
;     -- Dedicated logic registers            ; 0     ;
;     -- I/O registers                        ; 0     ;
;                                             ;       ;
; I/O pins                                    ; 47    ;
; Maximum fan-out node                        ; init  ;
; Maximum fan-out                             ; 48    ;
; Total fan-out                               ; 941   ;
; Average fan-out                             ; 2.61  ;
+---------------------------------------------+-------+


+--------------------------------------------------------------------------------------------------------------------------------------------------------------------------------------------------------------------------------------------------------------------------+
; Analysis & Synthesis Resource Utilization by Entity                                                                                                                                                                                                                      ;
+----------------------------------------+-------------------+--------------+-------------+--------------+---------+-----------+------+--------------+------------------------------------------------------------------------------------------------------+--------------+
; Compilation Hierarchy Node             ; LC Combinationals ; LC Registers ; Memory Bits ; DSP Elements ; DSP 9x9 ; DSP 18x18 ; Pins ; Virtual Pins ; Full Hierarchy Name                                                                                  ; Library Name ;
+----------------------------------------+-------------------+--------------+-------------+--------------+---------+-----------+------+--------------+------------------------------------------------------------------------------------------------------+--------------+
; |mgs                                   ; 266 (198)         ; 0 (0)        ; 0           ; 0            ; 0       ; 0         ; 47   ; 0            ; |mgs                                                                                                 ; work         ;
;    |lpm_divide:Mod0|                   ; 19 (0)            ; 0 (0)        ; 0           ; 0            ; 0       ; 0         ; 0    ; 0            ; |mgs|lpm_divide:Mod0                                                                                 ;              ;
;       |lpm_divide_a8m:auto_generated|  ; 19 (0)            ; 0 (0)        ; 0           ; 0            ; 0       ; 0         ; 0    ; 0            ; |mgs|lpm_divide:Mod0|lpm_divide_a8m:auto_generated                                                   ;              ;
;          |sign_div_unsign_8kh:divider| ; 19 (0)            ; 0 (0)        ; 0           ; 0            ; 0       ; 0         ; 0    ; 0            ; |mgs|lpm_divide:Mod0|lpm_divide_a8m:auto_generated|sign_div_unsign_8kh:divider                       ;              ;
;             |alt_u_div_r2f:divider|    ; 19 (19)           ; 0 (0)        ; 0           ; 0            ; 0       ; 0         ; 0    ; 0            ; |mgs|lpm_divide:Mod0|lpm_divide_a8m:auto_generated|sign_div_unsign_8kh:divider|alt_u_div_r2f:divider ;              ;
;    |lpm_divide:Mod1|                   ; 22 (0)            ; 0 (0)        ; 0           ; 0            ; 0       ; 0         ; 0    ; 0            ; |mgs|lpm_divide:Mod1                                                                                 ;              ;
;       |lpm_divide_a8m:auto_generated|  ; 22 (0)            ; 0 (0)        ; 0           ; 0            ; 0       ; 0         ; 0    ; 0            ; |mgs|lpm_divide:Mod1|lpm_divide_a8m:auto_generated                                                   ;              ;
;          |sign_div_unsign_8kh:divider| ; 22 (0)            ; 0 (0)        ; 0           ; 0            ; 0       ; 0         ; 0    ; 0            ; |mgs|lpm_divide:Mod1|lpm_divide_a8m:auto_generated|sign_div_unsign_8kh:divider                       ;              ;
;             |alt_u_div_r2f:divider|    ; 22 (22)           ; 0 (0)        ; 0           ; 0            ; 0       ; 0         ; 0    ; 0            ; |mgs|lpm_divide:Mod1|lpm_divide_a8m:auto_generated|sign_div_unsign_8kh:divider|alt_u_div_r2f:divider ;              ;
;    |lpm_divide:Mod2|                   ; 22 (0)            ; 0 (0)        ; 0           ; 0            ; 0       ; 0         ; 0    ; 0            ; |mgs|lpm_divide:Mod2                                                                                 ;              ;
;       |lpm_divide_a8m:auto_generated|  ; 22 (0)            ; 0 (0)        ; 0           ; 0            ; 0       ; 0         ; 0    ; 0            ; |mgs|lpm_divide:Mod2|lpm_divide_a8m:auto_generated                                                   ;              ;
;          |sign_div_unsign_8kh:divider| ; 22 (0)            ; 0 (0)        ; 0           ; 0            ; 0       ; 0         ; 0    ; 0            ; |mgs|lpm_divide:Mod2|lpm_divide_a8m:auto_generated|sign_div_unsign_8kh:divider                       ;              ;
;             |alt_u_div_r2f:divider|    ; 22 (22)           ; 0 (0)        ; 0           ; 0            ; 0       ; 0         ; 0    ; 0            ; |mgs|lpm_divide:Mod2|lpm_divide_a8m:auto_generated|sign_div_unsign_8kh:divider|alt_u_div_r2f:divider ;              ;
;    |lpm_divide:Mod3|                   ; 5 (0)             ; 0 (0)        ; 0           ; 0            ; 0       ; 0         ; 0    ; 0            ; |mgs|lpm_divide:Mod3                                                                                 ;              ;
;       |lpm_divide_68m:auto_generated|  ; 5 (0)             ; 0 (0)        ; 0           ; 0            ; 0       ; 0         ; 0    ; 0            ; |mgs|lpm_divide:Mod3|lpm_divide_68m:auto_generated                                                   ;              ;
;          |sign_div_unsign_4kh:divider| ; 5 (0)             ; 0 (0)        ; 0           ; 0            ; 0       ; 0         ; 0    ; 0            ; |mgs|lpm_divide:Mod3|lpm_divide_68m:auto_generated|sign_div_unsign_4kh:divider                       ;              ;
;             |alt_u_div_j2f:divider|    ; 5 (5)             ; 0 (0)        ; 0           ; 0            ; 0       ; 0         ; 0    ; 0            ; |mgs|lpm_divide:Mod3|lpm_divide_68m:auto_generated|sign_div_unsign_4kh:divider|alt_u_div_j2f:divider ;              ;
+----------------------------------------+-------------------+--------------+-------------+--------------+---------+-----------+------+--------------+------------------------------------------------------------------------------------------------------+--------------+
Note: For table entries with two numbers listed, the numbers in parentheses indicate the number of resources of the given type used by the specific entity alone. The numbers listed outside of parentheses indicate the total resources of the given type used by the specific entity and all of its sub-entities in the hierarchy.


+----------------------------------------------------------------------------------------------------+
; User-Specified and Inferred Latches                                                                ;
+-----------------------------------------------------+---------------------+------------------------+
; Latch Name                                          ; Latch Enable Signal ; Free of Timing Hazards ;
+-----------------------------------------------------+---------------------+------------------------+
; banana[0]$latch                                     ; Mux2                ; yes                    ;
; banana[1]$latch                                     ; Mux2                ; yes                    ;
; banana[2]$latch                                     ; Mux2                ; yes                    ;
; banana[3]$latch                                     ; Mux2                ; yes                    ;
; banana[4]$latch                                     ; Mux2                ; yes                    ;
; banana[5]$latch                                     ; Mux2                ; yes                    ;
; banana[6]$latch                                     ; Mux2                ; yes                    ;
; banana[7]$latch                                     ; Mux2                ; yes                    ;
; banana[8]$latch                                     ; Mux2                ; yes                    ;
; banana[9]$latch                                     ; Mux2                ; yes                    ;
; seven1[0]$latch                                     ; Selector37          ; yes                    ;
; seven1[1]$latch                                     ; Selector37          ; yes                    ;
; seven1[2]$latch                                     ; Selector37          ; yes                    ;
; seven1[3]$latch                                     ; Selector37          ; yes                    ;
; seven1[4]$latch                                     ; Selector37          ; yes                    ;
; seven1[5]$latch                                     ; Selector37          ; yes                    ;
; seven1[6]$latch                                     ; Selector37          ; yes                    ;
; seven10[0]$latch                                    ; Selector36          ; yes                    ;
; seven10[1]$latch                                    ; Selector36          ; yes                    ;
; seven10[2]$latch                                    ; Selector36          ; yes                    ;
; seven10[3]$latch                                    ; Selector36          ; yes                    ;
; seven10[4]$latch                                    ; Selector36          ; yes                    ;
; seven10[5]$latch                                    ; Selector36          ; yes                    ;
; seven10[6]$latch                                    ; Selector36          ; yes                    ;
; seven100[0]$latch                                   ; Selector35          ; yes                    ;
; seven100[1]$latch                                   ; Selector35          ; yes                    ;
; seven100[2]$latch                                   ; Selector35          ; yes                    ;
; seven100[3]$latch                                   ; Selector35          ; yes                    ;
; seven100[4]$latch                                   ; Selector35          ; yes                    ;
; seven100[5]$latch                                   ; Selector35          ; yes                    ;
; seven100[6]$latch                                   ; Selector35          ; yes                    ;
; stop0                                               ; Selector29          ; yes                    ;
; number100[2]                                        ; number100[3]        ; yes                    ;
; init                                                ; Selector16          ; yes                    ;
; number100[1]                                        ; number100[3]        ; yes                    ;
; number100[0]                                        ; number100[3]        ; yes                    ;
; stop2                                               ; Selector30          ; yes                    ;
; locate[0]                                           ; Selector32          ; yes                    ;
; locate[1]                                           ; Selector32          ; yes                    ;
; number100[3]                                        ; number100[3]        ; yes                    ;
; number10[1]                                         ; number10[1]         ; yes                    ;
; number10[0]                                         ; number10[1]         ; yes                    ;
; number10[3]                                         ; number10[1]         ; yes                    ;
; number10[2]                                         ; number10[1]         ; yes                    ;
; number1[2]                                          ; number1[0]          ; yes                    ;
; number1[0]                                          ; number1[0]          ; yes                    ;
; number1[1]                                          ; number1[0]          ; yes                    ;
; number1[3]                                          ; number1[0]          ; yes                    ;
; stop1                                               ; Selector31          ; yes                    ;
; Number of user-specified and inferred latches = 49  ;                     ;                        ;
+-----------------------------------------------------+---------------------+------------------------+
Note: All latches listed above may not be present at the end of synthesis due to various synthesis optimizations.


+------------------------------------------------------+
; General Register Statistics                          ;
+----------------------------------------------+-------+
; Statistic                                    ; Value ;
+----------------------------------------------+-------+
; Total registers                              ; 0     ;
; Number of registers using Synchronous Clear  ; 0     ;
; Number of registers using Synchronous Load   ; 0     ;
; Number of registers using Asynchronous Clear ; 0     ;
; Number of registers using Asynchronous Load  ; 0     ;
; Number of registers using Clock Enable       ; 0     ;
; Number of registers using Preset             ; 0     ;
+----------------------------------------------+-------+


+------------------------------------------------------------------------------------------------------------------------------------------+
; Multiplexer Restructuring Statistics (Restructuring Performed)                                                                           ;
+--------------------+-----------+---------------+----------------------+------------------------+------------+----------------------------+
; Multiplexer Inputs ; Bus Width ; Baseline Area ; Area if Restructured ; Saving if Restructured ; Registered ; Example Multiplexer Output ;
+--------------------+-----------+---------------+----------------------+------------------------+------------+----------------------------+
; 3:1                ; 4 bits    ; 8 LEs         ; 4 LEs                ; 4 LEs                  ; No         ; |mgs|number100             ;
; 3:1                ; 3 bits    ; 6 LEs         ; 3 LEs                ; 3 LEs                  ; No         ; |mgs|number10              ;
; 3:1                ; 4 bits    ; 8 LEs         ; 4 LEs                ; 4 LEs                  ; No         ; |mgs|number1[1]            ;
; 3:1                ; 4 bits    ; 8 LEs         ; 4 LEs                ; 4 LEs                  ; No         ; |mgs|number1               ;
; 4:1                ; 2 bits    ; 4 LEs         ; 4 LEs                ; 0 LEs                  ; No         ; |mgs|seven10[3]            ;
; 16:1               ; 2 bits    ; 20 LEs        ; 12 LEs               ; 8 LEs                  ; No         ; |mgs|seven1[6]             ;
; 16:1               ; 2 bits    ; 20 LEs        ; 12 LEs               ; 8 LEs                  ; No         ; |mgs|seven100[4]           ;
; 16:1               ; 9 bits    ; 90 LEs        ; 54 LEs               ; 36 LEs                 ; No         ; |mgs|Selector35            ;
+--------------------+-----------+---------------+----------------------+------------------------+------------+----------------------------+


+------------------------------------------------------------------+
; Parameter Settings for Inferred Entity Instance: lpm_divide:Mod2 ;
+------------------------+----------------+------------------------+
; Parameter Name         ; Value          ; Type                   ;
+------------------------+----------------+------------------------+
; LPM_WIDTHN             ; 5              ; Untyped                ;
; LPM_WIDTHD             ; 4              ; Untyped                ;
; LPM_NREPRESENTATION    ; UNSIGNED       ; Untyped                ;
; LPM_DREPRESENTATION    ; UNSIGNED       ; Untyped                ;
; LPM_PIPELINE           ; 0              ; Untyped                ;
; LPM_REMAINDERPOSITIVE  ; TRUE           ; Untyped                ;
; MAXIMIZE_SPEED         ; 5              ; Untyped                ;
; CBXI_PARAMETER         ; lpm_divide_a8m ; Untyped                ;
; CARRY_CHAIN            ; MANUAL         ; Untyped                ;
; OPTIMIZE_FOR_SPEED     ; 5              ; Untyped                ;
; AUTO_CARRY_CHAINS      ; ON             ; AUTO_CARRY             ;
; IGNORE_CARRY_BUFFERS   ; OFF            ; IGNORE_CARRY           ;
; AUTO_CASCADE_CHAINS    ; ON             ; AUTO_CASCADE           ;
; IGNORE_CASCADE_BUFFERS ; OFF            ; IGNORE_CASCADE         ;
+------------------------+----------------+------------------------+
Note: In order to hide this table in the UI and the text report file, please set the "Show Parameter Settings Tables in Synthesis Report" option in "Analysis and Synthesis Settings -> More Settings" to "Off".


+------------------------------------------------------------------+
; Parameter Settings for Inferred Entity Instance: lpm_divide:Mod1 ;
+------------------------+----------------+------------------------+
; Parameter Name         ; Value          ; Type                   ;
+------------------------+----------------+------------------------+
; LPM_WIDTHN             ; 5              ; Untyped                ;
; LPM_WIDTHD             ; 4              ; Untyped                ;
; LPM_NREPRESENTATION    ; UNSIGNED       ; Untyped                ;
; LPM_DREPRESENTATION    ; UNSIGNED       ; Untyped                ;
; LPM_PIPELINE           ; 0              ; Untyped                ;
; LPM_REMAINDERPOSITIVE  ; TRUE           ; Untyped                ;
; MAXIMIZE_SPEED         ; 5              ; Untyped                ;
; CBXI_PARAMETER         ; lpm_divide_a8m ; Untyped                ;
; CARRY_CHAIN            ; MANUAL         ; Untyped                ;
; OPTIMIZE_FOR_SPEED     ; 5              ; Untyped                ;
; AUTO_CARRY_CHAINS      ; ON             ; AUTO_CARRY             ;
; IGNORE_CARRY_BUFFERS   ; OFF            ; IGNORE_CARRY           ;
; AUTO_CASCADE_CHAINS    ; ON             ; AUTO_CASCADE           ;
; IGNORE_CASCADE_BUFFERS ; OFF            ; IGNORE_CASCADE         ;
+------------------------+----------------+------------------------+
Note: In order to hide this table in the UI and the text report file, please set the "Show Parameter Settings Tables in Synthesis Report" option in "Analysis and Synthesis Settings -> More Settings" to "Off".


+------------------------------------------------------------------+
; Parameter Settings for Inferred Entity Instance: lpm_divide:Mod0 ;
+------------------------+----------------+------------------------+
; Parameter Name         ; Value          ; Type                   ;
+------------------------+----------------+------------------------+
; LPM_WIDTHN             ; 5              ; Untyped                ;
; LPM_WIDTHD             ; 4              ; Untyped                ;
; LPM_NREPRESENTATION    ; UNSIGNED       ; Untyped                ;
; LPM_DREPRESENTATION    ; UNSIGNED       ; Untyped                ;
; LPM_PIPELINE           ; 0              ; Untyped                ;
; LPM_REMAINDERPOSITIVE  ; TRUE           ; Untyped                ;
; MAXIMIZE_SPEED         ; 5              ; Untyped                ;
; CBXI_PARAMETER         ; lpm_divide_a8m ; Untyped                ;
; CARRY_CHAIN            ; MANUAL         ; Untyped                ;
; OPTIMIZE_FOR_SPEED     ; 5              ; Untyped                ;
; AUTO_CARRY_CHAINS      ; ON             ; AUTO_CARRY             ;
; IGNORE_CARRY_BUFFERS   ; OFF            ; IGNORE_CARRY           ;
; AUTO_CASCADE_CHAINS    ; ON             ; AUTO_CASCADE           ;
; IGNORE_CASCADE_BUFFERS ; OFF            ; IGNORE_CASCADE         ;
+------------------------+----------------+------------------------+
Note: In order to hide this table in the UI and the text report file, please set the "Show Parameter Settings Tables in Synthesis Report" option in "Analysis and Synthesis Settings -> More Settings" to "Off".


+------------------------------------------------------------------+
; Parameter Settings for Inferred Entity Instance: lpm_divide:Mod3 ;
+------------------------+----------------+------------------------+
; Parameter Name         ; Value          ; Type                   ;
+------------------------+----------------+------------------------+
; LPM_WIDTHN             ; 3              ; Untyped                ;
; LPM_WIDTHD             ; 2              ; Untyped                ;
; LPM_NREPRESENTATION    ; UNSIGNED       ; Untyped                ;
; LPM_DREPRESENTATION    ; UNSIGNED       ; Untyped                ;
; LPM_PIPELINE           ; 0              ; Untyped                ;
; LPM_REMAINDERPOSITIVE  ; TRUE           ; Untyped                ;
; MAXIMIZE_SPEED         ; 5              ; Untyped                ;
; CBXI_PARAMETER         ; lpm_divide_68m ; Untyped                ;
; CARRY_CHAIN            ; MANUAL         ; Untyped                ;
; OPTIMIZE_FOR_SPEED     ; 5              ; Untyped                ;
; AUTO_CARRY_CHAINS      ; ON             ; AUTO_CARRY             ;
; IGNORE_CARRY_BUFFERS   ; OFF            ; IGNORE_CARRY           ;
; AUTO_CASCADE_CHAINS    ; ON             ; AUTO_CASCADE           ;
; IGNORE_CASCADE_BUFFERS ; OFF            ; IGNORE_CASCADE         ;
+------------------------+----------------+------------------------+
Note: In order to hide this table in the UI and the text report file, please set the "Show Parameter Settings Tables in Synthesis Report" option in "Analysis and Synthesis Settings -> More Settings" to "Off".


+-------------------------------+
; Analysis & Synthesis Messages ;
+-------------------------------+
Info: *******************************************************************
Info: Running Quartus II Analysis & Synthesis
    Info: Version 9.1 Build 350 03/24/2010 Service Pack 2 SJ Web Edition
    Info: Processing started: Mon Jun 14 17:24:00 2021
Info: Command: quartus_map --read_settings_files=on --write_settings_files=off mgs -c mgs
Warning (10229): Verilog HDL Expression warning at mgs.v(31): truncated literal to match 8 bits
Warning (10229): Verilog HDL Expression warning at mgs.v(32): truncated literal to match 8 bits
Info: Found 1 design units, including 1 entities, in source file mgs.v
    Info: Found entity 1: mgs
Info: Found 0 design units, including 0 entities, in source file rps.v
Info: Elaborating entity "mgs" for the top level hierarchy
Warning (10235): Verilog HDL Always Construct warning at mgs.v(56): variable "init" is read inside the Always Construct but isn't in the Always Construct's Event Control
Warning (10235): Verilog HDL Always Construct warning at mgs.v(68): variable "stop2" is read inside the Always Construct but isn't in the Always Construct's Event Control
Warning (10235): Verilog HDL Always Construct warning at mgs.v(71): variable "locate" is read inside the Always Construct but isn't in the Always Construct's Event Control
Warning (10230): Verilog HDL assignment warning at mgs.v(71): truncated value with size 32 to match size of target (4)
Warning (10235): Verilog HDL Always Construct warning at mgs.v(72): variable "locate" is read inside the Always Construct but isn't in the Always Construct's Event Control
Warning (10230): Verilog HDL assignment warning at mgs.v(72): truncated value with size 32 to match size of target (4)
Warning (10235): Verilog HDL Always Construct warning at mgs.v(73): variable "locate" is read inside the Always Construct but isn't in the Always Construct's Event Control
Warning (10230): Verilog HDL assignment warning at mgs.v(73): truncated value with size 32 to match size of target (4)
Warning (10235): Verilog HDL Always Construct warning at mgs.v(77): variable "stop1" is read inside the Always Construct but isn't in the Always Construct's Event Control
Warning (10235): Verilog HDL Always Construct warning at mgs.v(80): variable "locate" is read inside the Always Construct but isn't in the Always Construct's Event Control
Warning (10230): Verilog HDL assignment warning at mgs.v(80): truncated value with size 32 to match size of target (2)
Warning (10235): Verilog HDL Always Construct warning at mgs.v(84): variable "stop0" is read inside the Always Construct but isn't in the Always Construct's Event Control
Warning (10235): Verilog HDL Always Construct warning at mgs.v(87): variable "answer100" is read inside the Always Construct but isn't in the Always Construct's Event Control
Warning (10235): Verilog HDL Always Construct warning at mgs.v(88): variable "answer100" is read inside the Always Construct but isn't in the Always Construct's Event Control
Warning (10235): Verilog HDL Always Construct warning at mgs.v(89): variable "answer10" is read inside the Always Construct but isn't in the Always Construct's Event Control
Warning (10235): Verilog HDL Always Construct warning at mgs.v(90): variable "answer10" is read inside the Always Construct but isn't in the Always Construct's Event Control
Warning (10235): Verilog HDL Always Construct warning at mgs.v(91): variable "answer1" is read inside the Always Construct but isn't in the Always Construct's Event Control
Warning (10235): Verilog HDL Always Construct warning at mgs.v(92): variable "answer1" is read inside the Always Construct but isn't in the Always Construct's Event Control
Info (10264): Verilog HDL Case Statement information at mgs.v(25): all case item expressions in this case statement are onehot
Warning (10240): Verilog HDL Always Construct warning at mgs.v(23): inferring latch(es) for variable "banana", which holds its previous value in one or more paths through the always construct
Warning (10240): Verilog HDL Always Construct warning at mgs.v(23): inferring latch(es) for variable "init", which holds its previous value in one or more paths through the always construct
Warning (10240): Verilog HDL Always Construct warning at mgs.v(23): inferring latch(es) for variable "seven1", which holds its previous value in one or more paths through the always construct
Warning (10240): Verilog HDL Always Construct warning at mgs.v(23): inferring latch(es) for variable "seven10", which holds its previous value in one or more paths through the always construct
Warning (10240): Verilog HDL Always Construct warning at mgs.v(23): inferring latch(es) for variable "seven100", which holds its previous value in one or more paths through the always construct
Warning (10240): Verilog HDL Always Construct warning at mgs.v(23): inferring latch(es) for variable "locate", which holds its previous value in one or more paths through the always construct
Warning (10240): Verilog HDL Always Construct warning at mgs.v(23): inferring latch(es) for variable "stop1", which holds its previous value in one or more paths through the always construct
Warning (10240): Verilog HDL Always Construct warning at mgs.v(23): inferring latch(es) for variable "stop2", which holds its previous value in one or more paths through the always construct
Warning (10240): Verilog HDL Always Construct warning at mgs.v(23): inferring latch(es) for variable "stop0", which holds its previous value in one or more paths through the always construct
Warning (10240): Verilog HDL Always Construct warning at mgs.v(23): inferring latch(es) for variable "answer1", which holds its previous value in one or more paths through the always construct
Warning (10240): Verilog HDL Always Construct warning at mgs.v(23): inferring latch(es) for variable "answer10", which holds its previous value in one or more paths through the always construct
Warning (10240): Verilog HDL Always Construct warning at mgs.v(23): inferring latch(es) for variable "answer100", which holds its previous value in one or more paths through the always construct
Warning (10240): Verilog HDL Always Construct warning at mgs.v(23): inferring latch(es) for variable "number1", which holds its previous value in one or more paths through the always construct
Warning (10240): Verilog HDL Always Construct warning at mgs.v(23): inferring latch(es) for variable "number10", which holds its previous value in one or more paths through the always construct
Warning (10240): Verilog HDL Always Construct warning at mgs.v(23): inferring latch(es) for variable "number100", which holds its previous value in one or more paths through the always construct
Info (10041): Inferred latch for "number100[0]" at mgs.v(23)
Info (10041): Inferred latch for "number100[1]" at mgs.v(23)
Info (10041): Inferred latch for "number100[2]" at mgs.v(23)
Info (10041): Inferred latch for "number100[3]" at mgs.v(23)
Info (10041): Inferred latch for "number10[0]" at mgs.v(23)
Info (10041): Inferred latch for "number10[1]" at mgs.v(23)
Info (10041): Inferred latch for "number10[2]" at mgs.v(23)
Info (10041): Inferred latch for "number10[3]" at mgs.v(23)
Info (10041): Inferred latch for "number1[0]" at mgs.v(23)
Info (10041): Inferred latch for "number1[1]" at mgs.v(23)
Info (10041): Inferred latch for "number1[2]" at mgs.v(23)
Info (10041): Inferred latch for "number1[3]" at mgs.v(23)
Info (10041): Inferred latch for "answer100[0]" at mgs.v(23)
Info (10041): Inferred latch for "answer100[1]" at mgs.v(23)
Info (10041): Inferred latch for "answer100[2]" at mgs.v(23)
Info (10041): Inferred latch for "answer100[3]" at mgs.v(23)
Info (10041): Inferred latch for "answer10[0]" at mgs.v(23)
Info (10041): Inferred latch for "answer10[1]" at mgs.v(23)
Info (10041): Inferred latch for "answer10[2]" at mgs.v(23)
Info (10041): Inferred latch for "answer10[3]" at mgs.v(23)
Info (10041): Inferred latch for "answer1[0]" at mgs.v(23)
Info (10041): Inferred latch for "answer1[1]" at mgs.v(23)
Info (10041): Inferred latch for "answer1[2]" at mgs.v(23)
Info (10041): Inferred latch for "answer1[3]" at mgs.v(23)
Info (10041): Inferred latch for "stop0" at mgs.v(23)
Info (10041): Inferred latch for "stop2" at mgs.v(23)
Info (10041): Inferred latch for "stop1" at mgs.v(23)
Info (10041): Inferred latch for "locate[0]" at mgs.v(23)
Info (10041): Inferred latch for "locate[1]" at mgs.v(23)
Info (10041): Inferred latch for "seven100[0]" at mgs.v(23)
Info (10041): Inferred latch for "seven100[1]" at mgs.v(23)
Info (10041): Inferred latch for "seven100[2]" at mgs.v(23)
Info (10041): Inferred latch for "seven100[3]" at mgs.v(23)
Info (10041): Inferred latch for "seven100[4]" at mgs.v(23)
Info (10041): Inferred latch for "seven100[5]" at mgs.v(23)
Info (10041): Inferred latch for "seven100[6]" at mgs.v(23)
Info (10041): Inferred latch for "seven100[7]" at mgs.v(23)
Info (10041): Inferred latch for "seven10[0]" at mgs.v(23)
Info (10041): Inferred latch for "seven10[1]" at mgs.v(23)
Info (10041): Inferred latch for "seven10[2]" at mgs.v(23)
Info (10041): Inferred latch for "seven10[3]" at mgs.v(23)
Info (10041): Inferred latch for "seven10[4]" at mgs.v(23)
Info (10041): Inferred latch for "seven10[5]" at mgs.v(23)
Info (10041): Inferred latch for "seven10[6]" at mgs.v(23)
Info (10041): Inferred latch for "seven10[7]" at mgs.v(23)
Info (10041): Inferred latch for "seven1[0]" at mgs.v(23)
Info (10041): Inferred latch for "seven1[1]" at mgs.v(23)
Info (10041): Inferred latch for "seven1[2]" at mgs.v(23)
Info (10041): Inferred latch for "seven1[3]" at mgs.v(23)
Info (10041): Inferred latch for "seven1[4]" at mgs.v(23)
Info (10041): Inferred latch for "seven1[5]" at mgs.v(23)
Info (10041): Inferred latch for "seven1[6]" at mgs.v(23)
Info (10041): Inferred latch for "seven1[7]" at mgs.v(23)
Info (10041): Inferred latch for "init" at mgs.v(23)
Info (10041): Inferred latch for "banana[0]" at mgs.v(23)
Info (10041): Inferred latch for "banana[1]" at mgs.v(23)
Info (10041): Inferred latch for "banana[2]" at mgs.v(23)
Info (10041): Inferred latch for "banana[3]" at mgs.v(23)
Info (10041): Inferred latch for "banana[4]" at mgs.v(23)
Info (10041): Inferred latch for "banana[5]" at mgs.v(23)
Info (10041): Inferred latch for "banana[6]" at mgs.v(23)
Info (10041): Inferred latch for "banana[7]" at mgs.v(23)
Info (10041): Inferred latch for "banana[8]" at mgs.v(23)
Info (10041): Inferred latch for "banana[9]" at mgs.v(23)
Info: Inferred 4 megafunctions from design logic
    Info: Inferred divider/modulo megafunction ("lpm_divide") from the following logic: "Mod2"
    Info: Inferred divider/modulo megafunction ("lpm_divide") from the following logic: "Mod1"
    Info: Inferred divider/modulo megafunction ("lpm_divide") from the following logic: "Mod0"
    Info: Inferred divider/modulo megafunction ("lpm_divide") from the following logic: "Mod3"
Info: Elaborated megafunction instantiation "lpm_divide:Mod2"
Info: Instantiated megafunction "lpm_divide:Mod2" with the following parameter:
    Info: Parameter "LPM_WIDTHN" = "5"
    Info: Parameter "LPM_WIDTHD" = "4"
    Info: Parameter "LPM_NREPRESENTATION" = "UNSIGNED"
    Info: Parameter "LPM_DREPRESENTATION" = "UNSIGNED"
Info: Found 1 design units, including 1 entities, in source file db/lpm_divide_a8m.tdf
    Info: Found entity 1: lpm_divide_a8m
Info: Found 1 design units, including 1 entities, in source file db/sign_div_unsign_8kh.tdf
    Info: Found entity 1: sign_div_unsign_8kh
Info: Found 1 design units, including 1 entities, in source file db/alt_u_div_r2f.tdf
    Info: Found entity 1: alt_u_div_r2f
Info: Found 1 design units, including 1 entities, in source file db/add_sub_unc.tdf
    Info: Found entity 1: add_sub_unc
Info: Found 1 design units, including 1 entities, in source file db/add_sub_vnc.tdf
    Info: Found entity 1: add_sub_vnc
Info: Elaborated megafunction instantiation "lpm_divide:Mod3"
Info: Instantiated megafunction "lpm_divide:Mod3" with the following parameter:
    Info: Parameter "LPM_WIDTHN" = "3"
    Info: Parameter "LPM_WIDTHD" = "2"
    Info: Parameter "LPM_NREPRESENTATION" = "UNSIGNED"
    Info: Parameter "LPM_DREPRESENTATION" = "UNSIGNED"
Info: Found 1 design units, including 1 entities, in source file db/lpm_divide_68m.tdf
    Info: Found entity 1: lpm_divide_68m
Info: Found 1 design units, including 1 entities, in source file db/sign_div_unsign_4kh.tdf
    Info: Found entity 1: sign_div_unsign_4kh
Info: Found 1 design units, including 1 entities, in source file db/alt_u_div_j2f.tdf
    Info: Found entity 1: alt_u_div_j2f
Info: Duplicate LATCH primitives merged into single LATCH primitive
    Info: Duplicate LATCH primitive "banana[4]$latch" merged with LATCH primitive "banana[0]$latch"
    Info: Duplicate LATCH primitive "banana[3]$latch" merged with LATCH primitive "banana[0]$latch"
    Info: Duplicate LATCH primitive "banana[2]$latch" merged with LATCH primitive "banana[0]$latch"
    Info: Duplicate LATCH primitive "banana[1]$latch" merged with LATCH primitive "banana[0]$latch"
    Info: Duplicate LATCH primitive "banana[9]$latch" merged with LATCH primitive "banana[5]$latch"
    Info: Duplicate LATCH primitive "banana[8]$latch" merged with LATCH primitive "banana[5]$latch"
    Info: Duplicate LATCH primitive "banana[7]$latch" merged with LATCH primitive "banana[5]$latch"
    Info: Duplicate LATCH primitive "banana[6]$latch" merged with LATCH primitive "banana[5]$latch"
Warning: Latch banana[0]$latch has unsafe behavior
    Warning: Ports D and ENA on the latch are fed by the same signal s[2]
Warning: Latch banana[5]$latch has unsafe behavior
    Warning: Ports D and ENA on the latch are fed by the same signal s[2]
Warning: Latch seven1[0]$latch has unsafe behavior
    Warning: Ports D and ENA on the latch are fed by the same signal s[0]
Warning: Latch seven1[1]$latch has unsafe behavior
    Warning: Ports D and ENA on the latch are fed by the same signal s[0]
Warning: Latch seven1[2]$latch has unsafe behavior
    Warning: Ports D and ENA on the latch are fed by the same signal s[0]
Warning: Latch seven1[3]$latch has unsafe behavior
    Warning: Ports D and ENA on the latch are fed by the same signal s[0]
Warning: Latch seven1[4]$latch has unsafe behavior
    Warning: Ports D and ENA on the latch are fed by the same signal s[0]
Warning: Latch seven1[5]$latch has unsafe behavior
    Warning: Ports D and ENA on the latch are fed by the same signal s[0]
Warning: Latch seven1[6]$latch has unsafe behavior
    Warning: Ports D and ENA on the latch are fed by the same signal s[0]
Warning: Latch seven10[0]$latch has unsafe behavior
    Warning: Ports D and ENA on the latch are fed by the same signal s[0]
Warning: Latch seven10[1]$latch has unsafe behavior
    Warning: Ports D and ENA on the latch are fed by the same signal s[0]
Warning: Latch seven10[2]$latch has unsafe behavior
    Warning: Ports D and ENA on the latch are fed by the same signal s[0]
Warning: Latch seven10[3]$latch has unsafe behavior
    Warning: Ports D and ENA on the latch are fed by the same signal s[0]
Warning: Latch seven10[4]$latch has unsafe behavior
    Warning: Ports D and ENA on the latch are fed by the same signal s[0]
Warning: Latch seven10[5]$latch has unsafe behavior
    Warning: Ports D and ENA on the latch are fed by the same signal s[0]
Warning: Latch seven10[6]$latch has unsafe behavior
    Warning: Ports D and ENA on the latch are fed by the same signal s[0]
Warning: Latch seven100[0]$latch has unsafe behavior
    Warning: Ports D and ENA on the latch are fed by the same signal s[0]
Warning: Latch seven100[1]$latch has unsafe behavior
    Warning: Ports D and ENA on the latch are fed by the same signal s[0]
Warning: Latch seven100[2]$latch has unsafe behavior
    Warning: Ports D and ENA on the latch are fed by the same signal s[0]
Warning: Latch seven100[3]$latch has unsafe behavior
    Warning: Ports D and ENA on the latch are fed by the same signal s[0]
Warning: Latch seven100[4]$latch has unsafe behavior
    Warning: Ports D and ENA on the latch are fed by the same signal s[0]
Warning: Latch seven100[5]$latch has unsafe behavior
    Warning: Ports D and ENA on the latch are fed by the same signal s[0]
Warning: Latch seven100[6]$latch has unsafe behavior
    Warning: Ports D and ENA on the latch are fed by the same signal s[0]
Warning: Latch stop0 has unsafe behavior
    Warning: Ports D and ENA on the latch are fed by the same signal button[0]
Warning: Latch number100[2] has unsafe behavior
    Warning: Ports D and ENA on the latch are fed by the same signal stop2
Warning: Latch init has unsafe behavior
    Warning: Ports D and ENA on the latch are fed by the same signal s[0]
Warning: Latch number100[1] has unsafe behavior
    Warning: Ports D and ENA on the latch are fed by the same signal stop2
Warning: Latch number100[0] has unsafe behavior
    Warning: Ports D and ENA on the latch are fed by the same signal stop2
Warning: Latch number100[3] has unsafe behavior
    Warning: Ports D and ENA on the latch are fed by the same signal stop2
Warning: Latch stop2 has unsafe behavior
    Warning: Ports D and ENA on the latch are fed by the same signal button[2]
Warning: Latch locate[0] has unsafe behavior
    Warning: Ports D and ENA on the latch are fed by the same signal s[0]
Warning: Latch locate[1] has unsafe behavior
    Warning: Ports D and ENA on the latch are fed by the same signal s[0]
Warning: Latch number10[1] has unsafe behavior
    Warning: Ports D and ENA on the latch are fed by the same signal stop2
Warning: Latch number10[0] has unsafe behavior
    Warning: Ports D and ENA on the latch are fed by the same signal stop2
Warning: Latch number10[2] has unsafe behavior
    Warning: Ports D and ENA on the latch are fed by the same signal stop2
Warning: Latch number10[3] has unsafe behavior
    Warning: Ports D and ENA on the latch are fed by the same signal stop2
Warning: Latch number1[2] has unsafe behavior
    Warning: Ports D and ENA on the latch are fed by the same signal stop2
Warning: Latch number1[0] has unsafe behavior
    Warning: Ports D and ENA on the latch are fed by the same signal stop2
Warning: Latch number1[1] has unsafe behavior
    Warning: Ports D and ENA on the latch are fed by the same signal stop2
Warning: Latch number1[3] has unsafe behavior
    Warning: Ports D and ENA on the latch are fed by the same signal stop2
Warning: Latch stop1 has unsafe behavior
    Warning: Ports D and ENA on the latch are fed by the same signal button[1]
Warning: Output pins are stuck at VCC or GND
    Warning (13410): Pin "seven1[7]" is stuck at VCC
    Warning (13410): Pin "seven10[7]" is stuck at VCC
    Warning (13410): Pin "seven100[7]" is stuck at VCC
Info: Timing-Driven Synthesis is running
Info: Generated suppressed messages file Z:/project/loic/mgs/mgs.map.smsg
Info: Implemented 313 device resources after synthesis - the final resource count might be different
    Info: Implemented 13 input pins
    Info: Implemented 34 output pins
    Info: Implemented 266 logic cells
Info: Quartus II Analysis & Synthesis was successful. 0 errors, 121 warnings
    Info: Peak virtual memory: 226 megabytes
    Info: Processing ended: Mon Jun 14 17:24:02 2021
    Info: Elapsed time: 00:00:02
    Info: Total CPU time (on all processors): 00:00:02


+------------------------------------------+
; Analysis & Synthesis Suppressed Messages ;
+------------------------------------------+
The suppressed messages can be found in Z:/project/loic/mgs/mgs.map.smsg.


