Classic Timing Analyzer report for FSM
Fri Apr 09 02:27:22 2021
Quartus II Version 9.1 Build 350 03/24/2010 Service Pack 2 SJ Web Edition


---------------------
; Table of Contents ;
---------------------
  1. Legal Notice
  2. Timing Analyzer Summary
  3. Timing Analyzer Settings
  4. Clock Settings Summary
  5. Parallel Compilation
  6. Clock Setup: 'clk'
  7. tsu
  8. tco
  9. th
 10. Timing Analyzer Messages



----------------
; Legal Notice ;
----------------
Copyright (C) 1991-2010 Altera Corporation
Your use of Altera Corporation's design tools, logic functions 
and other software and tools, and its AMPP partner logic 
functions, and any output files from any of the foregoing 
(including device programming or simulation files), and any 
associated documentation or information are expressly subject 
to the terms and conditions of the Altera Program License 
Subscription Agreement, Altera MegaCore Function License 
Agreement, or other applicable license agreement, including, 
without limitation, that your use is for the sole purpose of 
programming logic devices manufactured by Altera and sold by 
Altera or its authorized distributors.  Please refer to the 
applicable agreement for further details.



+---------------------------------------------------------------------------------------------------------------------------------------------------------------------------------------+
; Timing Analyzer Summary                                                                                                                                                               ;
+------------------------------+-------+---------------+------------------------------------------------+-----------------+----------------------+------------+----------+--------------+
; Type                         ; Slack ; Required Time ; Actual Time                                    ; From            ; To                   ; From Clock ; To Clock ; Failed Paths ;
+------------------------------+-------+---------------+------------------------------------------------+-----------------+----------------------+------------+----------+--------------+
; Worst-case tsu               ; N/A   ; None          ; 3.012 ns                                       ; str_in          ; current_state.state2 ; --         ; clk      ; 0            ;
; Worst-case tco               ; N/A   ; None          ; 6.936 ns                                       ; str_out[0]~reg0 ; str_out[0]           ; clk        ; --       ; 0            ;
; Worst-case th                ; N/A   ; None          ; -2.615 ns                                      ; str_in          ; current_state.state0 ; --         ; clk      ; 0            ;
; Clock Setup: 'clk'           ; N/A   ; None          ; Restricted to 500.00 MHz ( period = 2.000 ns ) ; str_out[1]~reg0 ; str_out[2]~reg0      ; clk        ; clk      ; 0            ;
; Total number of failed paths ;       ;               ;                                                ;                 ;                      ;            ;          ; 0            ;
+------------------------------+-------+---------------+------------------------------------------------+-----------------+----------------------+------------+----------+--------------+


+-----------------------------------------------------------------------------------------------------------------------------------------------------+
; Timing Analyzer Settings                                                                                                                            ;
+------------------------------------------------------------------------------------------------------+--------------------+------+----+-------------+
; Option                                                                                               ; Setting            ; From ; To ; Entity Name ;
+------------------------------------------------------------------------------------------------------+--------------------+------+----+-------------+
; Device Name                                                                                          ; EP2S15F484C3       ;      ;    ;             ;
; Timing Models                                                                                        ; Final              ;      ;    ;             ;
; Default hold multicycle                                                                              ; Same as Multicycle ;      ;    ;             ;
; Cut paths between unrelated clock domains                                                            ; On                 ;      ;    ;             ;
; Cut off read during write signal paths                                                               ; On                 ;      ;    ;             ;
; Cut off feedback from I/O pins                                                                       ; On                 ;      ;    ;             ;
; Report Combined Fast/Slow Timing                                                                     ; Off                ;      ;    ;             ;
; Ignore Clock Settings                                                                                ; Off                ;      ;    ;             ;
; Analyze latches as synchronous elements                                                              ; On                 ;      ;    ;             ;
; Enable Recovery/Removal analysis                                                                     ; Off                ;      ;    ;             ;
; Enable Clock Latency                                                                                 ; Off                ;      ;    ;             ;
; Use TimeQuest Timing Analyzer                                                                        ; Off                ;      ;    ;             ;
; Number of source nodes to report per destination node                                                ; 10                 ;      ;    ;             ;
; Number of destination nodes to report                                                                ; 10                 ;      ;    ;             ;
; Number of paths to report                                                                            ; 200                ;      ;    ;             ;
; Report Minimum Timing Checks                                                                         ; Off                ;      ;    ;             ;
; Use Fast Timing Models                                                                               ; Off                ;      ;    ;             ;
; Report IO Paths Separately                                                                           ; Off                ;      ;    ;             ;
; Perform Multicorner Analysis                                                                         ; On                 ;      ;    ;             ;
; Reports the worst-case path for each clock domain and analysis                                       ; Off                ;      ;    ;             ;
; Reports worst-case timing paths for each clock domain and analysis                                   ; Off                ;      ;    ;             ;
; Specifies the maximum number of worst-case timing paths to report for each clock domain and analysis ; 100                ;      ;    ;             ;
; Removes common clock path pessimism (CCPP) during slack computation                                  ; Off                ;      ;    ;             ;
; Output I/O Timing Endpoint                                                                           ; Near End           ;      ;    ;             ;
+------------------------------------------------------------------------------------------------------+--------------------+------+----+-------------+


+------------------------------------------------------------------------------------------------------------------------------------------------------------------------------------+
; Clock Settings Summary                                                                                                                                                             ;
+-----------------+--------------------+----------+------------------+---------------+--------------+----------+-----------------------+---------------------+--------+--------------+
; Clock Node Name ; Clock Setting Name ; Type     ; Fmax Requirement ; Early Latency ; Late Latency ; Based on ; Multiply Base Fmax by ; Divide Base Fmax by ; Offset ; Phase offset ;
+-----------------+--------------------+----------+------------------+---------------+--------------+----------+-----------------------+---------------------+--------+--------------+
; clk             ;                    ; User Pin ; None             ; 0.000 ns      ; 0.000 ns     ; --       ; N/A                   ; N/A                 ; N/A    ;              ;
+-----------------+--------------------+----------+------------------+---------------+--------------+----------+-----------------------+---------------------+--------+--------------+


Parallel compilation was disabled, but you have multiple processors available. Enable parallel compilation to reduce compilation time.
+-------------------------------------+
; Parallel Compilation                ;
+----------------------------+--------+
; Processors                 ; Number ;
+----------------------------+--------+
; Number detected on machine ; 6      ;
; Maximum allowed            ; 1      ;
+----------------------------+--------+


+------------------------------------------------------------------------------------------------------------------------------------------------------------------------------------------------------------------+
; Clock Setup: 'clk'                                                                                                                                                                                               ;
+-------+------------------------------------------------+----------------------+----------------------+------------+----------+-----------------------------+---------------------------+-------------------------+
; Slack ; Actual fmax (period)                           ; From                 ; To                   ; From Clock ; To Clock ; Required Setup Relationship ; Required Longest P2P Time ; Actual Longest P2P Time ;
+-------+------------------------------------------------+----------------------+----------------------+------------+----------+-----------------------------+---------------------------+-------------------------+
; N/A   ; Restricted to 500.00 MHz ( period = 2.000 ns ) ; str_out[0]~reg0      ; str_out[1]~reg0      ; clk        ; clk      ; None                        ; None                      ; 0.526 ns                ;
; N/A   ; Restricted to 500.00 MHz ( period = 2.000 ns ) ; str_out[1]~reg0      ; str_out[2]~reg0      ; clk        ; clk      ; None                        ; None                      ; 0.526 ns                ;
; N/A   ; Restricted to 500.00 MHz ( period = 2.000 ns ) ; current_state.state0 ; current_state.state2 ; clk        ; clk      ; None                        ; None                      ; 0.517 ns                ;
; N/A   ; Restricted to 500.00 MHz ( period = 2.000 ns ) ; current_state.state2 ; current_state.state0 ; clk        ; clk      ; None                        ; None                      ; 0.418 ns                ;
; N/A   ; Restricted to 500.00 MHz ( period = 2.000 ns ) ; current_state.state3 ; current_state.state2 ; clk        ; clk      ; None                        ; None                      ; 0.417 ns                ;
; N/A   ; Restricted to 500.00 MHz ( period = 2.000 ns ) ; current_state.state2 ; current_state.state3 ; clk        ; clk      ; None                        ; None                      ; 0.416 ns                ;
+-------+------------------------------------------------+----------------------+----------------------+------------+----------+-----------------------------+---------------------------+-------------------------+


+------------------------------------------------------------------------------+
; tsu                                                                          ;
+-------+--------------+------------+--------+----------------------+----------+
; Slack ; Required tsu ; Actual tsu ; From   ; To                   ; To Clock ;
+-------+--------------+------------+--------+----------------------+----------+
; N/A   ; None         ; 3.012 ns   ; str_in ; current_state.state2 ; clk      ;
; N/A   ; None         ; 2.861 ns   ; str_in ; str_out[0]~reg0      ; clk      ;
; N/A   ; None         ; 2.859 ns   ; str_in ; current_state.state3 ; clk      ;
; N/A   ; None         ; 2.854 ns   ; str_in ; current_state.state0 ; clk      ;
+-------+--------------+------------+--------+----------------------+----------+


+------------------------------------------------------------------------------------+
; tco                                                                                ;
+-------+--------------+------------+----------------------+------------+------------+
; Slack ; Required tco ; Actual tco ; From                 ; To         ; From Clock ;
+-------+--------------+------------+----------------------+------------+------------+
; N/A   ; None         ; 6.936 ns   ; str_out[0]~reg0      ; str_out[0] ; clk        ;
; N/A   ; None         ; 6.675 ns   ; str_out[2]~reg0      ; str_out[2] ; clk        ;
; N/A   ; None         ; 6.407 ns   ; str_out[1]~reg0      ; str_out[1] ; clk        ;
; N/A   ; None         ; 5.628 ns   ; current_state.state3 ; match      ; clk        ;
+-------+--------------+------------+----------------------+------------+------------+


+------------------------------------------------------------------------------------+
; th                                                                                 ;
+---------------+-------------+-----------+--------+----------------------+----------+
; Minimum Slack ; Required th ; Actual th ; From   ; To                   ; To Clock ;
+---------------+-------------+-----------+--------+----------------------+----------+
; N/A           ; None        ; -2.615 ns ; str_in ; current_state.state0 ; clk      ;
; N/A           ; None        ; -2.620 ns ; str_in ; current_state.state3 ; clk      ;
; N/A           ; None        ; -2.622 ns ; str_in ; str_out[0]~reg0      ; clk      ;
; N/A           ; None        ; -2.773 ns ; str_in ; current_state.state2 ; clk      ;
+---------------+-------------+-----------+--------+----------------------+----------+


+--------------------------+
; Timing Analyzer Messages ;
+--------------------------+
Info: *******************************************************************
Info: Running Quartus II Classic Timing Analyzer
    Info: Version 9.1 Build 350 03/24/2010 Service Pack 2 SJ Web Edition
    Info: Processing started: Fri Apr 09 02:27:22 2021
Info: Command: quartus_tan --read_settings_files=off --write_settings_files=off FSM -c FSM --timing_analysis_only
Warning: Found pins functioning as undefined clocks and/or memory enables
    Info: Assuming node "clk" is an undefined clock
Info: Clock "clk" Internal fmax is restricted to 500.0 MHz between source register "str_out[0]~reg0" and destination register "str_out[1]~reg0"
    Info: fmax restricted to clock pin edge rate 2.0 ns. Expand message to see actual delay path.
        Info: + Longest register to register delay is 0.526 ns
            Info: 1: + IC(0.000 ns) + CELL(0.000 ns) = 0.000 ns; Loc. = LCFF_X9_Y7_N19; Fanout = 2; REG Node = 'str_out[0]~reg0'
            Info: 2: + IC(0.217 ns) + CELL(0.309 ns) = 0.526 ns; Loc. = LCFF_X9_Y7_N23; Fanout = 2; REG Node = 'str_out[1]~reg0'
            Info: Total cell delay = 0.309 ns ( 58.75 % )
            Info: Total interconnect delay = 0.217 ns ( 41.25 % )
        Info: - Smallest clock skew is 0.000 ns
            Info: + Shortest clock path from clock "clk" to destination register is 2.476 ns
                Info: 1: + IC(0.000 ns) + CELL(0.854 ns) = 0.854 ns; Loc. = PIN_N20; Fanout = 1; CLK Node = 'clk'
                Info: 2: + IC(0.343 ns) + CELL(0.000 ns) = 1.197 ns; Loc. = CLKCTRL_G3; Fanout = 6; COMB Node = 'clk~clkctrl'
                Info: 3: + IC(0.661 ns) + CELL(0.618 ns) = 2.476 ns; Loc. = LCFF_X9_Y7_N23; Fanout = 2; REG Node = 'str_out[1]~reg0'
                Info: Total cell delay = 1.472 ns ( 59.45 % )
                Info: Total interconnect delay = 1.004 ns ( 40.55 % )
            Info: - Longest clock path from clock "clk" to source register is 2.476 ns
                Info: 1: + IC(0.000 ns) + CELL(0.854 ns) = 0.854 ns; Loc. = PIN_N20; Fanout = 1; CLK Node = 'clk'
                Info: 2: + IC(0.343 ns) + CELL(0.000 ns) = 1.197 ns; Loc. = CLKCTRL_G3; Fanout = 6; COMB Node = 'clk~clkctrl'
                Info: 3: + IC(0.661 ns) + CELL(0.618 ns) = 2.476 ns; Loc. = LCFF_X9_Y7_N19; Fanout = 2; REG Node = 'str_out[0]~reg0'
                Info: Total cell delay = 1.472 ns ( 59.45 % )
                Info: Total interconnect delay = 1.004 ns ( 40.55 % )
        Info: + Micro clock to output delay of source is 0.094 ns
        Info: + Micro setup delay of destination is 0.090 ns
Info: tsu for register "current_state.state2" (data pin = "str_in", clock pin = "clk") is 3.012 ns
    Info: + Longest pin to register delay is 5.398 ns
        Info: 1: + IC(0.000 ns) + CELL(0.827 ns) = 0.827 ns; Loc. = PIN_U13; Fanout = 4; PIN Node = 'str_in'
        Info: 2: + IC(4.144 ns) + CELL(0.272 ns) = 5.243 ns; Loc. = LCCOMB_X9_Y7_N16; Fanout = 1; COMB Node = 'Selector2~0'
        Info: 3: + IC(0.000 ns) + CELL(0.155 ns) = 5.398 ns; Loc. = LCFF_X9_Y7_N17; Fanout = 2; REG Node = 'current_state.state2'
        Info: Total cell delay = 1.254 ns ( 23.23 % )
        Info: Total interconnect delay = 4.144 ns ( 76.77 % )
    Info: + Micro setup delay of destination is 0.090 ns
    Info: - Shortest clock path from clock "clk" to destination register is 2.476 ns
        Info: 1: + IC(0.000 ns) + CELL(0.854 ns) = 0.854 ns; Loc. = PIN_N20; Fanout = 1; CLK Node = 'clk'
        Info: 2: + IC(0.343 ns) + CELL(0.000 ns) = 1.197 ns; Loc. = CLKCTRL_G3; Fanout = 6; COMB Node = 'clk~clkctrl'
        Info: 3: + IC(0.661 ns) + CELL(0.618 ns) = 2.476 ns; Loc. = LCFF_X9_Y7_N17; Fanout = 2; REG Node = 'current_state.state2'
        Info: Total cell delay = 1.472 ns ( 59.45 % )
        Info: Total interconnect delay = 1.004 ns ( 40.55 % )
Info: tco from clock "clk" to destination pin "str_out[0]" through register "str_out[0]~reg0" is 6.936 ns
    Info: + Longest clock path from clock "clk" to source register is 2.476 ns
        Info: 1: + IC(0.000 ns) + CELL(0.854 ns) = 0.854 ns; Loc. = PIN_N20; Fanout = 1; CLK Node = 'clk'
        Info: 2: + IC(0.343 ns) + CELL(0.000 ns) = 1.197 ns; Loc. = CLKCTRL_G3; Fanout = 6; COMB Node = 'clk~clkctrl'
        Info: 3: + IC(0.661 ns) + CELL(0.618 ns) = 2.476 ns; Loc. = LCFF_X9_Y7_N19; Fanout = 2; REG Node = 'str_out[0]~reg0'
        Info: Total cell delay = 1.472 ns ( 59.45 % )
        Info: Total interconnect delay = 1.004 ns ( 40.55 % )
    Info: + Micro clock to output delay of source is 0.094 ns
    Info: + Longest register to pin delay is 4.366 ns
        Info: 1: + IC(0.000 ns) + CELL(0.000 ns) = 0.000 ns; Loc. = LCFF_X9_Y7_N19; Fanout = 2; REG Node = 'str_out[0]~reg0'
        Info: 2: + IC(2.222 ns) + CELL(2.144 ns) = 4.366 ns; Loc. = PIN_P3; Fanout = 0; PIN Node = 'str_out[0]'
        Info: Total cell delay = 2.144 ns ( 49.11 % )
        Info: Total interconnect delay = 2.222 ns ( 50.89 % )
Info: th for register "current_state.state0" (data pin = "str_in", clock pin = "clk") is -2.615 ns
    Info: + Longest clock path from clock "clk" to destination register is 2.476 ns
        Info: 1: + IC(0.000 ns) + CELL(0.854 ns) = 0.854 ns; Loc. = PIN_N20; Fanout = 1; CLK Node = 'clk'
        Info: 2: + IC(0.343 ns) + CELL(0.000 ns) = 1.197 ns; Loc. = CLKCTRL_G3; Fanout = 6; COMB Node = 'clk~clkctrl'
        Info: 3: + IC(0.661 ns) + CELL(0.618 ns) = 2.476 ns; Loc. = LCFF_X9_Y7_N29; Fanout = 1; REG Node = 'current_state.state0'
        Info: Total cell delay = 1.472 ns ( 59.45 % )
        Info: Total interconnect delay = 1.004 ns ( 40.55 % )
    Info: + Micro hold delay of destination is 0.149 ns
    Info: - Shortest pin to register delay is 5.240 ns
        Info: 1: + IC(0.000 ns) + CELL(0.827 ns) = 0.827 ns; Loc. = PIN_U13; Fanout = 4; PIN Node = 'str_in'
        Info: 2: + IC(4.104 ns) + CELL(0.154 ns) = 5.085 ns; Loc. = LCCOMB_X9_Y7_N28; Fanout = 1; COMB Node = 'Selector0~0'
        Info: 3: + IC(0.000 ns) + CELL(0.155 ns) = 5.240 ns; Loc. = LCFF_X9_Y7_N29; Fanout = 1; REG Node = 'current_state.state0'
        Info: Total cell delay = 1.136 ns ( 21.68 % )
        Info: Total interconnect delay = 4.104 ns ( 78.32 % )
Info: Quartus II Classic Timing Analyzer was successful. 0 errors, 1 warning
    Info: Peak virtual memory: 188 megabytes
    Info: Processing ended: Fri Apr 09 02:27:24 2021
    Info: Elapsed time: 00:00:02
    Info: Total CPU time (on all processors): 00:00:01


